<?xml version="1.0" encoding="UTF-8"?>
<testsuite name="com.example.StudyBoard.controller.MemberControllerTest" tests="6" skipped="0" failures="0" errors="0" timestamp="2026-01-13T09:56:58.105Z" hostname="DESKTOP-3VE7TN6" time="1.382">
  <properties/>
  <testcase name="회원가입 성공 테스트" classname="com.example.StudyBoard.controller.MemberControllerTest" time="0.843"/>
  <testcase name="회원가입 실패 테스트 - 중복 닉네임" classname="com.example.StudyBoard.controller.MemberControllerTest" time="0.14"/>
  <testcase name="로그인 성공 테스트" classname="com.example.StudyBoard.controller.MemberControllerTest" time="0.163"/>
  <testcase name="로그인 실패 테스트 - 비밀번호 불일치" classname="com.example.StudyBoard.controller.MemberControllerTest" time="0.135"/>
  <testcase name="회원가입 실패 테스트 - 중복 이메일" classname="com.example.StudyBoard.controller.MemberControllerTest" time="0.075"/>
  <testcase name="회원가입 실패 테스트" classname="com.example.StudyBoard.controller.MemberControllerTest" time="0.021"/>
  <system-out><![CDATA[18:56:52.434 [Test worker] INFO org.springframework.test.context.support.AnnotationConfigContextLoaderUtils -- Could not detect default configuration classes for test class [com.example.StudyBoard.controller.MemberControllerTest]: MemberControllerTest does not declare any static, non-private, non-final, nested classes annotated with @Configuration.
18:56:52.567 [Test worker] INFO org.springframework.boot.test.context.SpringBootTestContextBootstrapper -- Found @SpringBootConfiguration com.example.StudyBoard.StudyBoardApplication for test class com.example.StudyBoard.controller.MemberControllerTest

  .   ____          _            __ _ _
 /\\ / ___'_ __ _ _(_)_ __  __ _ \ \ \ \
( ( )\___ | '_ | '_| | '_ \/ _` | \ \ \ \
 \\/  ___)| |_)| | | | | || (_| |  ) ) ) )
  '  |____| .__|_| |_|_| |_\__, | / / / /
 =========|_|==============|___/=/_/_/_/

?[32m :: Spring Boot :: ?[39m              ?[2m (v3.5.9)?[0;39m

?[2m2026-01-13T18:56:53.043+09:00?[0;39m ?[32m INFO?[0;39m ?[35m20032?[0;39m ?[2m--- [StudyBoard] [    Test worker] ?[0;39m?[36mc.e.S.controller.MemberControllerTest   ?[0;39m ?[2m:?[0;39m Starting MemberControllerTest using Java 17.0.15 with PID 20032 (started by IDBLAB in C:\Users\IDBLAB\Desktop\StudyBoard\GDGoC_Beginner_Team1\BE)
?[2m2026-01-13T18:56:53.045+09:00?[0;39m ?[32m INFO?[0;39m ?[35m20032?[0;39m ?[2m--- [StudyBoard] [    Test worker] ?[0;39m?[36mc.e.S.controller.MemberControllerTest   ?[0;39m ?[2m:?[0;39m No active profile set, falling back to 1 default profile: "default"
?[2m2026-01-13T18:56:53.878+09:00?[0;39m ?[32m INFO?[0;39m ?[35m20032?[0;39m ?[2m--- [StudyBoard] [    Test worker] ?[0;39m?[36m.s.d.r.c.RepositoryConfigurationDelegate?[0;39m ?[2m:?[0;39m Bootstrapping Spring Data JPA repositories in DEFAULT mode.
?[2m2026-01-13T18:56:53.947+09:00?[0;39m ?[32m INFO?[0;39m ?[35m20032?[0;39m ?[2m--- [StudyBoard] [    Test worker] ?[0;39m?[36m.s.d.r.c.RepositoryConfigurationDelegate?[0;39m ?[2m:?[0;39m Finished Spring Data repository scanning in 57 ms. Found 3 JPA repository interfaces.
?[2m2026-01-13T18:56:54.626+09:00?[0;39m ?[32m INFO?[0;39m ?[35m20032?[0;39m ?[2m--- [StudyBoard] [    Test worker] ?[0;39m?[36mo.hibernate.jpa.internal.util.LogHelper ?[0;39m ?[2m:?[0;39m HHH000204: Processing PersistenceUnitInfo [name: default]
?[2m2026-01-13T18:56:54.720+09:00?[0;39m ?[32m INFO?[0;39m ?[35m20032?[0;39m ?[2m--- [StudyBoard] [    Test worker] ?[0;39m?[36morg.hibernate.Version                   ?[0;39m ?[2m:?[0;39m HHH000412: Hibernate ORM core version 6.6.39.Final
?[2m2026-01-13T18:56:54.759+09:00?[0;39m ?[32m INFO?[0;39m ?[35m20032?[0;39m ?[2m--- [StudyBoard] [    Test worker] ?[0;39m?[36mo.h.c.internal.RegionFactoryInitiator   ?[0;39m ?[2m:?[0;39m HHH000026: Second-level cache disabled
?[2m2026-01-13T18:56:55.122+09:00?[0;39m ?[32m INFO?[0;39m ?[35m20032?[0;39m ?[2m--- [StudyBoard] [    Test worker] ?[0;39m?[36mo.s.o.j.p.SpringPersistenceUnitInfo     ?[0;39m ?[2m:?[0;39m No LoadTimeWeaver setup: ignoring JPA class transformer
?[2m2026-01-13T18:56:55.162+09:00?[0;39m ?[32m INFO?[0;39m ?[35m20032?[0;39m ?[2m--- [StudyBoard] [    Test worker] ?[0;39m?[36mcom.zaxxer.hikari.HikariDataSource      ?[0;39m ?[2m:?[0;39m HikariPool-1 - Starting...
?[2m2026-01-13T18:56:55.341+09:00?[0;39m ?[32m INFO?[0;39m ?[35m20032?[0;39m ?[2m--- [StudyBoard] [    Test worker] ?[0;39m?[36mcom.zaxxer.hikari.pool.HikariPool       ?[0;39m ?[2m:?[0;39m HikariPool-1 - Added connection conn0: url=jdbc:h2:mem:testdb user=SA
?[2m2026-01-13T18:56:55.343+09:00?[0;39m ?[32m INFO?[0;39m ?[35m20032?[0;39m ?[2m--- [StudyBoard] [    Test worker] ?[0;39m?[36mcom.zaxxer.hikari.HikariDataSource      ?[0;39m ?[2m:?[0;39m HikariPool-1 - Start completed.
?[2m2026-01-13T18:56:55.400+09:00?[0;39m ?[32m INFO?[0;39m ?[35m20032?[0;39m ?[2m--- [StudyBoard] [    Test worker] ?[0;39m?[36morg.hibernate.orm.connections.pooling   ?[0;39m ?[2m:?[0;39m HHH10001005: Database info:
	Database JDBC URL [Connecting through datasource 'HikariDataSource (HikariPool-1)']
	Database driver: undefined/unknown
	Database version: 2.3.232
	Autocommit mode: undefined/unknown
	Isolation level: undefined/unknown
	Minimum pool size: undefined/unknown
	Maximum pool size: undefined/unknown
?[2m2026-01-13T18:56:56.315+09:00?[0;39m ?[32m INFO?[0;39m ?[35m20032?[0;39m ?[2m--- [StudyBoard] [    Test worker] ?[0;39m?[36mo.h.e.t.j.p.i.JtaPlatformInitiator      ?[0;39m ?[2m:?[0;39m HHH000489: No JTA platform available (set 'hibernate.transaction.jta.platform' to enable JTA platform integration)
Hibernate: 
    drop table if exists application cascade 
Hibernate: 
    drop table if exists board cascade 
Hibernate: 
    drop table if exists member cascade 
Hibernate: 
    create table application (
        application_id bigint generated by default as identity,
        board_id bigint not null,
        created_at timestamp(6),
        member_id bigint not null,
        updated_at timestamp(6),
        status enum ('ACCEPTED','CANCELED','PENDING','REJECTED') not null,
        primary key (application_id)
    )
Hibernate: 
    create table board (
        board_id bigint generated by default as identity,
        created_at timestamp(6),
        member_id bigint not null,
        recruitment_end_date timestamp(6) not null,
        recruitment_start_date timestamp(6) not null,
        updated_at timestamp(6),
        title varchar(255) not null,
        content clob not null,
        status enum ('CLOSED','RECRUITING') not null,
        primary key (board_id)
    )
Hibernate: 
    create table member (
        created_at timestamp(6),
        member_id bigint generated by default as identity,
        updated_at timestamp(6),
        email varchar(255) not null unique,
        name varchar(255) not null,
        password varchar(255) not null,
        role enum ('ADMIN','USER') not null,
        primary key (member_id)
    )
Hibernate: 
    alter table if exists application 
       add constraint FK8058ugb4s2bcm5lnsevjuoj6r 
       foreign key (board_id) 
       references board
Hibernate: 
    alter table if exists application 
       add constraint FKg29uoyxw2bkpcsrxt99j4yfw4 
       foreign key (member_id) 
       references member
Hibernate: 
    alter table if exists board 
       add constraint FKsds8ox89wwf6aihinar49rmfy 
       foreign key (member_id) 
       references member
?[2m2026-01-13T18:56:56.371+09:00?[0;39m ?[32m INFO?[0;39m ?[35m20032?[0;39m ?[2m--- [StudyBoard] [    Test worker] ?[0;39m?[36mj.LocalContainerEntityManagerFactoryBean?[0;39m ?[2m:?[0;39m Initialized JPA EntityManagerFactory for persistence unit 'default'
?[2m2026-01-13T18:56:56.814+09:00?[0;39m ?[33m WARN?[0;39m ?[35m20032?[0;39m ?[2m--- [StudyBoard] [    Test worker] ?[0;39m?[36mJpaBaseConfiguration$JpaWebConfiguration?[0;39m ?[2m:?[0;39m spring.jpa.open-in-view is enabled by default. Therefore, database queries may be performed during view rendering. Explicitly configure spring.jpa.open-in-view to disable this warning
?[2m2026-01-13T18:56:57.257+09:00?[0;39m ?[33m WARN?[0;39m ?[35m20032?[0;39m ?[2m--- [StudyBoard] [    Test worker] ?[0;39m?[36m.s.s.UserDetailsServiceAutoConfiguration?[0;39m ?[2m:?[0;39m 

Using generated security password: 3dfddcbe-ce0a-4768-a600-dd19c397d4cf

This generated password is for development use only. Your security configuration must be updated before running your application in production.

?[2m2026-01-13T18:56:57.282+09:00?[0;39m ?[32m INFO?[0;39m ?[35m20032?[0;39m ?[2m--- [StudyBoard] [    Test worker] ?[0;39m?[36mr$InitializeUserDetailsManagerConfigurer?[0;39m ?[2m:?[0;39m Global AuthenticationManager configured with UserDetailsService bean with name inMemoryUserDetailsManager
?[2m2026-01-13T18:56:57.826+09:00?[0;39m ?[32m INFO?[0;39m ?[35m20032?[0;39m ?[2m--- [StudyBoard] [    Test worker] ?[0;39m?[36mo.s.b.a.h2.H2ConsoleAutoConfiguration   ?[0;39m ?[2m:?[0;39m H2 console available at '/h2-console'. Database available at 'jdbc:h2:mem:testdb'
?[2m2026-01-13T18:56:58.026+09:00?[0;39m ?[32m INFO?[0;39m ?[35m20032?[0;39m ?[2m--- [StudyBoard] [    Test worker] ?[0;39m?[36mo.s.b.t.m.w.SpringBootMockServletContext?[0;39m ?[2m:?[0;39m Initializing Spring TestDispatcherServlet ''
?[2m2026-01-13T18:56:58.026+09:00?[0;39m ?[32m INFO?[0;39m ?[35m20032?[0;39m ?[2m--- [StudyBoard] [    Test worker] ?[0;39m?[36mo.s.t.web.servlet.TestDispatcherServlet ?[0;39m ?[2m:?[0;39m Initializing Servlet ''
?[2m2026-01-13T18:56:58.028+09:00?[0;39m ?[32m INFO?[0;39m ?[35m20032?[0;39m ?[2m--- [StudyBoard] [    Test worker] ?[0;39m?[36mo.s.t.web.servlet.TestDispatcherServlet ?[0;39m ?[2m:?[0;39m Completed initialization in 1 ms
?[2m2026-01-13T18:56:58.075+09:00?[0;39m ?[32m INFO?[0;39m ?[35m20032?[0;39m ?[2m--- [StudyBoard] [    Test worker] ?[0;39m?[36mc.e.S.controller.MemberControllerTest   ?[0;39m ?[2m:?[0;39m Started MemberControllerTest in 5.335 seconds (process running for 6.621)
Hibernate: 
    select
        m1_0.member_id 
    from
        member m1_0 
    where
        m1_0.email=? 
    fetch
        first ? rows only
Hibernate: 
    select
        m1_0.member_id 
    from
        member m1_0 
    where
        m1_0.name=? 
    fetch
        first ? rows only
Hibernate: 
    insert 
    into
        member
        (created_at, email, name, password, role, updated_at, member_id) 
    values
        (?, ?, ?, ?, ?, ?, default)

MockHttpServletRequest:
      HTTP Method = POST
      Request URI = /members/register
       Parameters = {}
          Headers = [Content-Type:"application/json;charset=UTF-8", Content-Length:"77"]
             Body = {"email":"test@naver.com","name":"테스트유저","password":"password1234"}
    Session Attrs = {}

Handler:
             Type = com.example.StudyBoard.controller.MemberController
           Method = com.example.StudyBoard.controller.MemberController#registerMember(MemberRegisterRequest)

Async:
    Async started = false
     Async result = null

Resolved Exception:
             Type = null

ModelAndView:
        View name = null
             View = null
            Model = null

FlashMap:
       Attributes = null

MockHttpServletResponse:
           Status = 201
    Error message = null
          Headers = [Content-Type:"text/plain;charset=UTF-8", Content-Length:"38", X-Content-Type-Options:"nosniff", X-XSS-Protection:"0", Cache-Control:"no-cache, no-store, max-age=0, must-revalidate", Pragma:"no-cache", Expires:"0"]
     Content type = text/plain;charset=UTF-8
             Body = 회원가입이 성공하였습니다.
    Forwarded URL = null
   Redirected URL = null
          Cookies = []
Hibernate: 
    select
        m1_0.member_id 
    from
        member m1_0 
    where
        m1_0.email=? 
    fetch
        first ? rows only
Hibernate: 
    select
        m1_0.member_id 
    from
        member m1_0 
    where
        m1_0.name=? 
    fetch
        first ? rows only
Hibernate: 
    insert 
    into
        member
        (created_at, email, name, password, role, updated_at, member_id) 
    values
        (?, ?, ?, ?, ?, ?, default)

MockHttpServletRequest:
      HTTP Method = POST
      Request URI = /members/register
       Parameters = {}
          Headers = [Content-Type:"application/json;charset=UTF-8", Content-Length:"73"]
             Body = {"email":"test@naver.com","name":"테스트유저","password":"12345678"}
    Session Attrs = {}

Handler:
             Type = com.example.StudyBoard.controller.MemberController
           Method = com.example.StudyBoard.controller.MemberController#registerMember(MemberRegisterRequest)

Async:
    Async started = false
     Async result = null

Resolved Exception:
             Type = null

ModelAndView:
        View name = null
             View = null
            Model = null

FlashMap:
       Attributes = null

MockHttpServletResponse:
           Status = 201
    Error message = null
          Headers = [Content-Type:"text/plain;charset=UTF-8", Content-Length:"38", X-Content-Type-Options:"nosniff", X-XSS-Protection:"0", Cache-Control:"no-cache, no-store, max-age=0, must-revalidate", Pragma:"no-cache", Expires:"0"]
     Content type = text/plain;charset=UTF-8
             Body = 회원가입이 성공하였습니다.
    Forwarded URL = null
   Redirected URL = null
          Cookies = []
Hibernate: 
    select
        m1_0.member_id 
    from
        member m1_0 
    where
        m1_0.email=? 
    fetch
        first ? rows only
Hibernate: 
    select
        m1_0.member_id 
    from
        member m1_0 
    where
        m1_0.name=? 
    fetch
        first ? rows only

MockHttpServletRequest:
      HTTP Method = POST
      Request URI = /members/register
       Parameters = {}
          Headers = [Content-Type:"application/json;charset=UTF-8", Content-Length:"74"]
             Body = {"email":"test2@naver.com","name":"테스트유저","password":"12345678"}
    Session Attrs = {}

Handler:
             Type = com.example.StudyBoard.controller.MemberController
           Method = com.example.StudyBoard.controller.MemberController#registerMember(MemberRegisterRequest)

Async:
    Async started = false
     Async result = null

Resolved Exception:
             Type = com.example.StudyBoard.exception.BusinessException

ModelAndView:
        View name = null
             View = null
            Model = null

FlashMap:
       Attributes = null

MockHttpServletResponse:
           Status = 400
    Error message = null
          Headers = [Content-Type:"application/json", X-Content-Type-Options:"nosniff", X-XSS-Protection:"0", Cache-Control:"no-cache, no-store, max-age=0, must-revalidate", Pragma:"no-cache", Expires:"0"]
     Content type = application/json
             Body = {"errorCode":"-101","errorDescription":"이미 존재하는 닉네임입니다.","details":null}
    Forwarded URL = null
   Redirected URL = null
          Cookies = []
Hibernate: 
    select
        m1_0.member_id 
    from
        member m1_0 
    where
        m1_0.email=? 
    fetch
        first ? rows only
Hibernate: 
    select
        m1_0.member_id 
    from
        member m1_0 
    where
        m1_0.name=? 
    fetch
        first ? rows only
Hibernate: 
    insert 
    into
        member
        (created_at, email, name, password, role, updated_at, member_id) 
    values
        (?, ?, ?, ?, ?, ?, default)
Hibernate: 
    select
        m1_0.member_id,
        m1_0.created_at,
        m1_0.email,
        m1_0.name,
        m1_0.password,
        m1_0.role,
        m1_0.updated_at 
    from
        member m1_0 
    where
        m1_0.email=?

MockHttpServletRequest:
      HTTP Method = POST
      Request URI = /members/login
       Parameters = {}
          Headers = [Content-Type:"application/json;charset=UTF-8", Content-Length:"48"]
             Body = {"email":"test@naver.com","password":"12345678"}
    Session Attrs = {}

Handler:
             Type = com.example.StudyBoard.controller.MemberController
           Method = com.example.StudyBoard.controller.MemberController#loginMember(MemberLoginRequest)

Async:
    Async started = false
     Async result = null

Resolved Exception:
             Type = null

ModelAndView:
        View name = null
             View = null
            Model = null

FlashMap:
       Attributes = null

MockHttpServletResponse:
           Status = 200
    Error message = null
          Headers = [Content-Type:"application/json", X-Content-Type-Options:"nosniff", X-XSS-Protection:"0", Cache-Control:"no-cache, no-store, max-age=0, must-revalidate", Pragma:"no-cache", Expires:"0"]
     Content type = application/json
             Body = {"memberId":3,"email":"test@naver.com","name":"테스트유저","role":"USER"}
    Forwarded URL = null
   Redirected URL = null
          Cookies = []
Hibernate: 
    select
        m1_0.member_id 
    from
        member m1_0 
    where
        m1_0.email=? 
    fetch
        first ? rows only
Hibernate: 
    select
        m1_0.member_id 
    from
        member m1_0 
    where
        m1_0.name=? 
    fetch
        first ? rows only
Hibernate: 
    insert 
    into
        member
        (created_at, email, name, password, role, updated_at, member_id) 
    values
        (?, ?, ?, ?, ?, ?, default)
Hibernate: 
    select
        m1_0.member_id,
        m1_0.created_at,
        m1_0.email,
        m1_0.name,
        m1_0.password,
        m1_0.role,
        m1_0.updated_at 
    from
        member m1_0 
    where
        m1_0.email=?

MockHttpServletRequest:
      HTTP Method = POST
      Request URI = /members/login
       Parameters = {}
          Headers = [Content-Type:"application/json;charset=UTF-8", Content-Length:"50"]
             Body = {"email":"test@naver.com","password":"1234567810"}
    Session Attrs = {}

Handler:
             Type = com.example.StudyBoard.controller.MemberController
           Method = com.example.StudyBoard.controller.MemberController#loginMember(MemberLoginRequest)

Async:
    Async started = false
     Async result = null

Resolved Exception:
             Type = com.example.StudyBoard.exception.BusinessException

ModelAndView:
        View name = null
             View = null
            Model = null

FlashMap:
       Attributes = null

MockHttpServletResponse:
           Status = 400
    Error message = null
          Headers = [Content-Type:"application/json", X-Content-Type-Options:"nosniff", X-XSS-Protection:"0", Cache-Control:"no-cache, no-store, max-age=0, must-revalidate", Pragma:"no-cache", Expires:"0"]
     Content type = application/json
             Body = {"errorCode":"-102","errorDescription":"비밀번호가 일치하지 않습니다.","details":null}
    Forwarded URL = null
   Redirected URL = null
          Cookies = []
Hibernate: 
    select
        m1_0.member_id 
    from
        member m1_0 
    where
        m1_0.email=? 
    fetch
        first ? rows only
Hibernate: 
    select
        m1_0.member_id 
    from
        member m1_0 
    where
        m1_0.name=? 
    fetch
        first ? rows only
Hibernate: 
    insert 
    into
        member
        (created_at, email, name, password, role, updated_at, member_id) 
    values
        (?, ?, ?, ?, ?, ?, default)

MockHttpServletRequest:
      HTTP Method = POST
      Request URI = /members/register
       Parameters = {}
          Headers = [Content-Type:"application/json;charset=UTF-8", Content-Length:"73"]
             Body = {"email":"test@naver.com","name":"테스트유저","password":"12345678"}
    Session Attrs = {}

Handler:
             Type = com.example.StudyBoard.controller.MemberController
           Method = com.example.StudyBoard.controller.MemberController#registerMember(MemberRegisterRequest)

Async:
    Async started = false
     Async result = null

Resolved Exception:
             Type = null

ModelAndView:
        View name = null
             View = null
            Model = null

FlashMap:
       Attributes = null

MockHttpServletResponse:
           Status = 201
    Error message = null
          Headers = [Content-Type:"text/plain;charset=UTF-8", Content-Length:"38", X-Content-Type-Options:"nosniff", X-XSS-Protection:"0", Cache-Control:"no-cache, no-store, max-age=0, must-revalidate", Pragma:"no-cache", Expires:"0"]
     Content type = text/plain;charset=UTF-8
             Body = 회원가입이 성공하였습니다.
    Forwarded URL = null
   Redirected URL = null
          Cookies = []
Hibernate: 
    select
        m1_0.member_id 
    from
        member m1_0 
    where
        m1_0.email=? 
    fetch
        first ? rows only

MockHttpServletRequest:
      HTTP Method = POST
      Request URI = /members/register
       Parameters = {}
          Headers = [Content-Type:"application/json;charset=UTF-8", Content-Length:"74"]
             Body = {"email":"test@naver.com","name":"테스트유저2","password":"12345678"}
    Session Attrs = {}

Handler:
             Type = com.example.StudyBoard.controller.MemberController
           Method = com.example.StudyBoard.controller.MemberController#registerMember(MemberRegisterRequest)

Async:
    Async started = false
     Async result = null

Resolved Exception:
             Type = com.example.StudyBoard.exception.BusinessException

ModelAndView:
        View name = null
             View = null
            Model = null

FlashMap:
       Attributes = null

MockHttpServletResponse:
           Status = 400
    Error message = null
          Headers = [Content-Type:"application/json", X-Content-Type-Options:"nosniff", X-XSS-Protection:"0", Cache-Control:"no-cache, no-store, max-age=0, must-revalidate", Pragma:"no-cache", Expires:"0"]
     Content type = application/json
             Body = {"errorCode":"-100","errorDescription":"이미 가입된 이메일입니다.","details":null}
    Forwarded URL = null
   Redirected URL = null
          Cookies = []

MockHttpServletRequest:
      HTTP Method = POST
      Request URI = /members/register
       Parameters = {}
          Headers = [Content-Type:"application/json;charset=UTF-8", Content-Length:"79"]
             Body = {"email":"not-email-format","name":"테스트유저","password":"password1234"}
    Session Attrs = {}

Handler:
             Type = com.example.StudyBoard.controller.MemberController
           Method = com.example.StudyBoard.controller.MemberController#registerMember(MemberRegisterRequest)

Async:
    Async started = false
     Async result = null

Resolved Exception:
             Type = org.springframework.web.bind.MethodArgumentNotValidException

ModelAndView:
        View name = null
             View = null
            Model = null

FlashMap:
       Attributes = null

MockHttpServletResponse:
           Status = 400
    Error message = null
          Headers = [Content-Type:"application/json", X-Content-Type-Options:"nosniff", X-XSS-Protection:"0", Cache-Control:"no-cache, no-store, max-age=0, must-revalidate", Pragma:"no-cache", Expires:"0"]
     Content type = application/json
             Body = {"errorCode":"-001","errorDescription":"입력값이 올바르지 않습니다.","details":null,"errors":["email: 이메일: 유효한 이메일 주소를 입력해주세요."]}
    Forwarded URL = null
   Redirected URL = null
          Cookies = []
]]></system-out>
  <system-err><![CDATA[]]></system-err>
</testsuite>
